<?xml version="1.0" encoding="UTF-8"?>
<!-- Generated by org.testng.reporters.JUnitReportReporter -->
<testsuite hostname="Satyendra" failures="0" tests="2" name="com.testcases.PolicySearch_TestCase" time="11.749" errors="0" timestamp="2024-03-18T16:48:51 IST" skipped="0">
  <testcase classname="com.testcases.PolicySearch_TestCase" name="policySearch" time="11.749"/>
  <system-out/>
  <testcase classname="com.testcases.PolicySearch_TestCase" name="policyDetail" time="0.000"/>
  <system-out/>
</testsuite> <!-- com.testcases.PolicySearch_TestCase -->
